[ 2025-07-01 08:46:39,011 ] 75 root - INFO - Starting the data ingestion pipeline.
[ 2025-07-01 08:46:39,011 ] 53 root - INFO - Starting data ingestion process.
[ 2025-07-01 08:46:40,002 ] 1025 httpx - INFO - HTTP Request: GET https://abcdkzdkpdpilgtstaiq.supabase.co/rest/v1/esp32_real_data?select=%2A&offset=0&limit=1000 "HTTP/2 200 OK"
[ 2025-07-01 08:46:40,115 ] 1025 httpx - INFO - HTTP Request: GET https://abcdkzdkpdpilgtstaiq.supabase.co/rest/v1/esp32_real_data?select=%2A&offset=1000&limit=1000 "HTTP/2 200 OK"
[ 2025-07-01 08:46:40,208 ] 1025 httpx - INFO - HTTP Request: GET https://abcdkzdkpdpilgtstaiq.supabase.co/rest/v1/esp32_real_data?select=%2A&offset=2000&limit=1000 "HTTP/2 200 OK"
[ 2025-07-01 08:46:40,293 ] 1025 httpx - INFO - HTTP Request: GET https://abcdkzdkpdpilgtstaiq.supabase.co/rest/v1/esp32_real_data?select=%2A&offset=3000&limit=1000 "HTTP/2 200 OK"
[ 2025-07-01 08:46:40,382 ] 1025 httpx - INFO - HTTP Request: GET https://abcdkzdkpdpilgtstaiq.supabase.co/rest/v1/esp32_real_data?select=%2A&offset=4000&limit=1000 "HTTP/2 200 OK"
[ 2025-07-01 08:46:40,462 ] 1025 httpx - INFO - HTTP Request: GET https://abcdkzdkpdpilgtstaiq.supabase.co/rest/v1/esp32_real_data?select=%2A&offset=5000&limit=1000 "HTTP/2 200 OK"
[ 2025-07-01 08:46:40,541 ] 1025 httpx - INFO - HTTP Request: GET https://abcdkzdkpdpilgtstaiq.supabase.co/rest/v1/esp32_real_data?select=%2A&offset=6000&limit=1000 "HTTP/2 200 OK"
[ 2025-07-01 08:46:40,638 ] 1025 httpx - INFO - HTTP Request: GET https://abcdkzdkpdpilgtstaiq.supabase.co/rest/v1/esp32_real_data?select=%2A&offset=7000&limit=1000 "HTTP/2 200 OK"
[ 2025-07-01 08:46:40,724 ] 1025 httpx - INFO - HTTP Request: GET https://abcdkzdkpdpilgtstaiq.supabase.co/rest/v1/esp32_real_data?select=%2A&offset=8000&limit=1000 "HTTP/2 200 OK"
[ 2025-07-01 08:46:40,805 ] 1025 httpx - INFO - HTTP Request: GET https://abcdkzdkpdpilgtstaiq.supabase.co/rest/v1/esp32_real_data?select=%2A&offset=9000&limit=1000 "HTTP/2 200 OK"
[ 2025-07-01 08:46:40,886 ] 1025 httpx - INFO - HTTP Request: GET https://abcdkzdkpdpilgtstaiq.supabase.co/rest/v1/esp32_real_data?select=%2A&offset=10000&limit=1000 "HTTP/2 200 OK"
[ 2025-07-01 08:46:40,984 ] 1025 httpx - INFO - HTTP Request: GET https://abcdkzdkpdpilgtstaiq.supabase.co/rest/v1/esp32_real_data?select=%2A&offset=11000&limit=1000 "HTTP/2 200 OK"
[ 2025-07-01 08:46:41,074 ] 1025 httpx - INFO - HTTP Request: GET https://abcdkzdkpdpilgtstaiq.supabase.co/rest/v1/esp32_real_data?select=%2A&offset=12000&limit=1000 "HTTP/2 200 OK"
[ 2025-07-01 08:46:41,140 ] 1025 httpx - INFO - HTTP Request: GET https://abcdkzdkpdpilgtstaiq.supabase.co/rest/v1/esp32_real_data?select=%2A&offset=13000&limit=1000 "HTTP/2 200 OK"
[ 2025-07-01 08:46:41,211 ] 1025 httpx - INFO - HTTP Request: GET https://abcdkzdkpdpilgtstaiq.supabase.co/rest/v1/esp32_real_data?select=%2A&offset=14000&limit=1000 "HTTP/2 200 OK"
[ 2025-07-01 08:46:41,297 ] 1025 httpx - INFO - HTTP Request: GET https://abcdkzdkpdpilgtstaiq.supabase.co/rest/v1/esp32_real_data?select=%2A&offset=15000&limit=1000 "HTTP/2 200 OK"
[ 2025-07-01 08:46:41,372 ] 1025 httpx - INFO - HTTP Request: GET https://abcdkzdkpdpilgtstaiq.supabase.co/rest/v1/esp32_real_data?select=%2A&offset=16000&limit=1000 "HTTP/2 200 OK"
[ 2025-07-01 08:46:41,445 ] 1025 httpx - INFO - HTTP Request: GET https://abcdkzdkpdpilgtstaiq.supabase.co/rest/v1/esp32_real_data?select=%2A&offset=17000&limit=1000 "HTTP/2 200 OK"
[ 2025-07-01 08:46:41,512 ] 1025 httpx - INFO - HTTP Request: GET https://abcdkzdkpdpilgtstaiq.supabase.co/rest/v1/esp32_real_data?select=%2A&offset=18000&limit=1000 "HTTP/2 200 OK"
[ 2025-07-01 08:46:41,578 ] 1025 httpx - INFO - HTTP Request: GET https://abcdkzdkpdpilgtstaiq.supabase.co/rest/v1/esp32_real_data?select=%2A&offset=19000&limit=1000 "HTTP/2 200 OK"
[ 2025-07-01 08:46:41,657 ] 1025 httpx - INFO - HTTP Request: GET https://abcdkzdkpdpilgtstaiq.supabase.co/rest/v1/esp32_real_data?select=%2A&offset=20000&limit=1000 "HTTP/2 200 OK"
[ 2025-07-01 08:46:41,729 ] 1025 httpx - INFO - HTTP Request: GET https://abcdkzdkpdpilgtstaiq.supabase.co/rest/v1/esp32_real_data?select=%2A&offset=21000&limit=1000 "HTTP/2 200 OK"
[ 2025-07-01 08:46:41,818 ] 1025 httpx - INFO - HTTP Request: GET https://abcdkzdkpdpilgtstaiq.supabase.co/rest/v1/esp32_real_data?select=%2A&offset=22000&limit=1000 "HTTP/2 200 OK"
[ 2025-07-01 08:46:41,910 ] 1025 httpx - INFO - HTTP Request: GET https://abcdkzdkpdpilgtstaiq.supabase.co/rest/v1/esp32_real_data?select=%2A&offset=23000&limit=1000 "HTTP/2 200 OK"
[ 2025-07-01 08:46:41,987 ] 1025 httpx - INFO - HTTP Request: GET https://abcdkzdkpdpilgtstaiq.supabase.co/rest/v1/esp32_real_data?select=%2A&offset=24000&limit=1000 "HTTP/2 200 OK"
[ 2025-07-01 08:46:42,059 ] 1025 httpx - INFO - HTTP Request: GET https://abcdkzdkpdpilgtstaiq.supabase.co/rest/v1/esp32_real_data?select=%2A&offset=25000&limit=1000 "HTTP/2 200 OK"
[ 2025-07-01 08:46:42,140 ] 1025 httpx - INFO - HTTP Request: GET https://abcdkzdkpdpilgtstaiq.supabase.co/rest/v1/esp32_real_data?select=%2A&offset=26000&limit=1000 "HTTP/2 200 OK"
[ 2025-07-01 08:46:42,225 ] 1025 httpx - INFO - HTTP Request: GET https://abcdkzdkpdpilgtstaiq.supabase.co/rest/v1/esp32_real_data?select=%2A&offset=27000&limit=1000 "HTTP/2 200 OK"
[ 2025-07-01 08:46:42,327 ] 1025 httpx - INFO - HTTP Request: GET https://abcdkzdkpdpilgtstaiq.supabase.co/rest/v1/esp32_real_data?select=%2A&offset=28000&limit=1000 "HTTP/2 200 OK"
[ 2025-07-01 08:46:42,400 ] 1025 httpx - INFO - HTTP Request: GET https://abcdkzdkpdpilgtstaiq.supabase.co/rest/v1/esp32_real_data?select=%2A&offset=29000&limit=1000 "HTTP/2 200 OK"
[ 2025-07-01 08:46:42,475 ] 1025 httpx - INFO - HTTP Request: GET https://abcdkzdkpdpilgtstaiq.supabase.co/rest/v1/esp32_real_data?select=%2A&offset=30000&limit=1000 "HTTP/2 200 OK"
[ 2025-07-01 08:46:42,568 ] 1025 httpx - INFO - HTTP Request: GET https://abcdkzdkpdpilgtstaiq.supabase.co/rest/v1/esp32_real_data?select=%2A&offset=31000&limit=1000 "HTTP/2 200 OK"
[ 2025-07-01 08:46:42,643 ] 1025 httpx - INFO - HTTP Request: GET https://abcdkzdkpdpilgtstaiq.supabase.co/rest/v1/esp32_real_data?select=%2A&offset=32000&limit=1000 "HTTP/2 200 OK"
[ 2025-07-01 08:46:42,720 ] 1025 httpx - INFO - HTTP Request: GET https://abcdkzdkpdpilgtstaiq.supabase.co/rest/v1/esp32_real_data?select=%2A&offset=33000&limit=1000 "HTTP/2 200 OK"
[ 2025-07-01 08:46:42,804 ] 1025 httpx - INFO - HTTP Request: GET https://abcdkzdkpdpilgtstaiq.supabase.co/rest/v1/esp32_real_data?select=%2A&offset=34000&limit=1000 "HTTP/2 200 OK"
[ 2025-07-01 08:46:42,882 ] 1025 httpx - INFO - HTTP Request: GET https://abcdkzdkpdpilgtstaiq.supabase.co/rest/v1/esp32_real_data?select=%2A&offset=35000&limit=1000 "HTTP/2 200 OK"
[ 2025-07-01 08:46:42,955 ] 1025 httpx - INFO - HTTP Request: GET https://abcdkzdkpdpilgtstaiq.supabase.co/rest/v1/esp32_real_data?select=%2A&offset=36000&limit=1000 "HTTP/2 200 OK"
[ 2025-07-01 08:46:43,053 ] 1025 httpx - INFO - HTTP Request: GET https://abcdkzdkpdpilgtstaiq.supabase.co/rest/v1/esp32_real_data?select=%2A&offset=37000&limit=1000 "HTTP/2 200 OK"
[ 2025-07-01 08:46:43,126 ] 1025 httpx - INFO - HTTP Request: GET https://abcdkzdkpdpilgtstaiq.supabase.co/rest/v1/esp32_real_data?select=%2A&offset=38000&limit=1000 "HTTP/2 200 OK"
[ 2025-07-01 08:46:43,198 ] 1025 httpx - INFO - HTTP Request: GET https://abcdkzdkpdpilgtstaiq.supabase.co/rest/v1/esp32_real_data?select=%2A&offset=39000&limit=1000 "HTTP/2 200 OK"
[ 2025-07-01 08:46:43,279 ] 1025 httpx - INFO - HTTP Request: GET https://abcdkzdkpdpilgtstaiq.supabase.co/rest/v1/esp32_real_data?select=%2A&offset=40000&limit=1000 "HTTP/2 200 OK"
[ 2025-07-01 08:46:43,335 ] 1025 httpx - INFO - HTTP Request: GET https://abcdkzdkpdpilgtstaiq.supabase.co/rest/v1/esp32_real_data?select=%2A&offset=41000&limit=1000 "HTTP/2 200 OK"
[ 2025-07-01 08:46:43,410 ] 1025 httpx - INFO - HTTP Request: GET https://abcdkzdkpdpilgtstaiq.supabase.co/rest/v1/esp32_real_data?select=%2A&offset=42000&limit=1000 "HTTP/2 200 OK"
[ 2025-07-01 08:46:43,473 ] 1025 httpx - INFO - HTTP Request: GET https://abcdkzdkpdpilgtstaiq.supabase.co/rest/v1/esp32_real_data?select=%2A&offset=43000&limit=1000 "HTTP/2 200 OK"
[ 2025-07-01 08:46:43,552 ] 1025 httpx - INFO - HTTP Request: GET https://abcdkzdkpdpilgtstaiq.supabase.co/rest/v1/esp32_real_data?select=%2A&offset=44000&limit=1000 "HTTP/2 200 OK"
[ 2025-07-01 08:46:43,648 ] 1025 httpx - INFO - HTTP Request: GET https://abcdkzdkpdpilgtstaiq.supabase.co/rest/v1/esp32_real_data?select=%2A&offset=45000&limit=1000 "HTTP/2 200 OK"
[ 2025-07-01 08:46:43,722 ] 1025 httpx - INFO - HTTP Request: GET https://abcdkzdkpdpilgtstaiq.supabase.co/rest/v1/esp32_real_data?select=%2A&offset=46000&limit=1000 "HTTP/2 200 OK"
[ 2025-07-01 08:46:43,796 ] 1025 httpx - INFO - HTTP Request: GET https://abcdkzdkpdpilgtstaiq.supabase.co/rest/v1/esp32_real_data?select=%2A&offset=47000&limit=1000 "HTTP/2 200 OK"
[ 2025-07-01 08:46:43,846 ] 1025 httpx - INFO - HTTP Request: GET https://abcdkzdkpdpilgtstaiq.supabase.co/rest/v1/esp32_real_data?select=%2A&offset=48000&limit=1000 "HTTP/2 200 OK"
[ 2025-07-01 08:46:43,946 ] 42 root - INFO - Total records fetched from Supabase: 47462
[ 2025-07-01 08:46:43,956 ] 64 root - INFO - Data successfully converted to DataFrame.
[ 2025-07-01 08:46:43,956 ] 67 root - INFO - Data ingestion process completed successfully.
[ 2025-07-01 08:46:43,956 ] 81 root - INFO - Data ingestion completed successfully.
[ 2025-07-01 08:46:44,005 ] 49 root - INFO - Time column has been converted to datetime format.
[ 2025-07-01 08:46:44,008 ] 53 root - INFO - Time column has been set as the index.
[ 2025-07-01 08:46:44,022 ] 57 root - INFO - Data has been resampled to 1 minute intervals.
[ 2025-07-01 08:46:44,024 ] 58 root - INFO - Null values in the data: id                       117
temperature              117
humidity(%)              117
latency(ms)              117
throughput(bytes/sec)    117
packet_loss(%)           117
rssi(dBm)                117
dtype: int64
[ 2025-07-01 08:46:44,031 ] 62 root - INFO - Missing values have been imputed using forward fill method.
[ 2025-07-01 08:46:44,038 ] 66 root - INFO - Dataset shape for 24 hours: (1441, 7)
[ 2025-07-01 08:46:44,040 ] 72 root - INFO - Rolling mean and std deviation features have been created.
[ 2025-07-01 08:46:44,040 ] 75 root - INFO - Data transformation process completed successfully with shape (1441, 9).
[ 2025-07-01 08:46:44,041 ] 113 root - INFO - Initiating data transformation process.
[ 2025-07-01 08:46:44,048 ] 138 root - INFO - Saving the features and target scalers.
[ 2025-07-01 08:46:44,053 ] 151 root - INFO - Transformed data has been saved successfully.
[ 2025-07-01 08:46:44,054 ] 93 root - INFO - Data transformation completed successfully.
[ 2025-07-01 08:46:44,054 ] 62 root - INFO - Initiating model training process.
[ 2025-07-01 08:46:44,054 ] 71 root - INFO - Reshaping the input data for LSTM model.
[ 2025-07-01 08:46:44,054 ] 74 root - INFO - Building the LSTM model.
[ 2025-07-01 08:47:08,202 ] 94 root - INFO - Model training completed successfully.
[ 2025-07-01 08:47:08,202 ] 97 root - INFO - Evaluating the model on test data.
[ 2025-07-01 08:47:08,619 ] 104 root - INFO - Model evaluation metrics:   Metrics    Values
0     MSE  0.870224
1     MAE  0.699667
2      R2  0.605835
3    MAPE  0.011840
4    RMSE  0.932858
[ 2025-07-01 08:47:08,619 ] 107 root - INFO - Saving the trained model.
[ 2025-07-01 08:47:08,619 ] 83 absl - WARNING - You are saving your model as an HDF5 file via `model.save()` or `keras.saving.save_model(model)`. This file format is considered legacy. We recommend using instead the native Keras format, e.g. `model.save('my_model.keras')` or `keras.saving.save_model(model, 'my_model.keras')`. 
[ 2025-07-01 08:47:08,664 ] 111 root - INFO - Model saved at artifacts\lstm_real.h5
[ 2025-07-01 08:47:08,664 ] 106 root - INFO - Model training completed successfully.
[ 2025-07-01 08:47:08,669 ] 107 root - INFO - Model evaluation results
  Metrics    Values
0     MSE  0.870224
1     MAE  0.699667
2      R2  0.605835
3    MAPE  0.011840
4    RMSE  0.932858
[ 2025-07-01 08:47:08,669 ] 108 root - INFO - Data ingestion pipeline completed successfully.
