[ 2025-07-13 18:17:24,975 ] 1025 httpx - INFO - HTTP Request: GET https://abcdkzdkpdpilgtstaiq.supabase.co/rest/v1/esp32_real_data?select=%22humidity%28%25%29%22%2Ctimestamp&timestamp=gte.2025-05-12+12%3A00%3A00&order=timestamp.asc&offset=0&limit=1000 "HTTP/2 200 OK"
[ 2025-07-13 18:17:25,053 ] 1025 httpx - INFO - HTTP Request: GET https://abcdkzdkpdpilgtstaiq.supabase.co/rest/v1/iot_simulation?select=%22humidity%28%25%29%22%2Ctimestamp&timestamp=gte.2025-05-12+12%3A00%3A00&order=timestamp.asc&offset=0&limit=1000 "HTTP/2 200 OK"
[ 2025-07-13 18:17:25,130 ] 1025 httpx - INFO - HTTP Request: GET https://abcdkzdkpdpilgtstaiq.supabase.co/rest/v1/esp32_real_data?select=%22humidity%28%25%29%22%2Ctimestamp&timestamp=gte.2025-05-12+12%3A00%3A00&order=timestamp.asc&offset=1000&limit=1000 "HTTP/2 200 OK"
[ 2025-07-13 18:17:25,202 ] 1025 httpx - INFO - HTTP Request: GET https://abcdkzdkpdpilgtstaiq.supabase.co/rest/v1/iot_simulation?select=%22humidity%28%25%29%22%2Ctimestamp&timestamp=gte.2025-05-12+12%3A00%3A00&order=timestamp.asc&offset=1000&limit=1000 "HTTP/2 200 OK"
[ 2025-07-13 18:17:25,279 ] 1025 httpx - INFO - HTTP Request: GET https://abcdkzdkpdpilgtstaiq.supabase.co/rest/v1/esp32_real_data?select=%22humidity%28%25%29%22%2Ctimestamp&timestamp=gte.2025-05-12+12%3A00%3A00&order=timestamp.asc&offset=2000&limit=1000 "HTTP/2 200 OK"
[ 2025-07-13 18:17:25,361 ] 1025 httpx - INFO - HTTP Request: GET https://abcdkzdkpdpilgtstaiq.supabase.co/rest/v1/iot_simulation?select=%22humidity%28%25%29%22%2Ctimestamp&timestamp=gte.2025-05-12+12%3A00%3A00&order=timestamp.asc&offset=2000&limit=1000 "HTTP/2 200 OK"
[ 2025-07-13 18:17:25,450 ] 1025 httpx - INFO - HTTP Request: GET https://abcdkzdkpdpilgtstaiq.supabase.co/rest/v1/esp32_real_data?select=%22humidity%28%25%29%22%2Ctimestamp&timestamp=gte.2025-05-12+12%3A00%3A00&order=timestamp.asc&offset=3000&limit=1000 "HTTP/2 200 OK"
[ 2025-07-13 18:17:25,527 ] 1025 httpx - INFO - HTTP Request: GET https://abcdkzdkpdpilgtstaiq.supabase.co/rest/v1/iot_simulation?select=%22humidity%28%25%29%22%2Ctimestamp&timestamp=gte.2025-05-12+12%3A00%3A00&order=timestamp.asc&offset=3000&limit=1000 "HTTP/2 200 OK"
[ 2025-07-13 18:17:25,599 ] 1025 httpx - INFO - HTTP Request: GET https://abcdkzdkpdpilgtstaiq.supabase.co/rest/v1/esp32_real_data?select=%22humidity%28%25%29%22%2Ctimestamp&timestamp=gte.2025-05-12+12%3A00%3A00&order=timestamp.asc&offset=4000&limit=1000 "HTTP/2 200 OK"
[ 2025-07-13 18:17:25,676 ] 1025 httpx - INFO - HTTP Request: GET https://abcdkzdkpdpilgtstaiq.supabase.co/rest/v1/iot_simulation?select=%22humidity%28%25%29%22%2Ctimestamp&timestamp=gte.2025-05-12+12%3A00%3A00&order=timestamp.asc&offset=4000&limit=1000 "HTTP/2 200 OK"
[ 2025-07-13 18:17:27,268 ] 39 fastapi - WARNING - email-validator not installed, email fields will be treated as str.
To install, run: pip install email-validator
[ 2025-07-13 18:17:42,265 ] 1025 httpx - INFO - HTTP Request: GET https://abcdkzdkpdpilgtstaiq.supabase.co/rest/v1/esp32_real_data?select=%22humidity%28%25%29%22%2Ctimestamp&timestamp=gte.2025-05-12+12%3A00%3A00&order=timestamp.asc&offset=0&limit=1000 "HTTP/2 200 OK"
[ 2025-07-13 18:17:42,327 ] 1025 httpx - INFO - HTTP Request: GET https://abcdkzdkpdpilgtstaiq.supabase.co/rest/v1/iot_simulation?select=%22humidity%28%25%29%22%2Ctimestamp&timestamp=gte.2025-05-12+12%3A00%3A00&order=timestamp.asc&offset=0&limit=1000 "HTTP/2 200 OK"
[ 2025-07-13 18:17:42,411 ] 1025 httpx - INFO - HTTP Request: GET https://abcdkzdkpdpilgtstaiq.supabase.co/rest/v1/esp32_real_data?select=%22humidity%28%25%29%22%2Ctimestamp&timestamp=gte.2025-05-12+12%3A00%3A00&order=timestamp.asc&offset=1000&limit=1000 "HTTP/2 200 OK"
[ 2025-07-13 18:17:42,482 ] 1025 httpx - INFO - HTTP Request: GET https://abcdkzdkpdpilgtstaiq.supabase.co/rest/v1/iot_simulation?select=%22humidity%28%25%29%22%2Ctimestamp&timestamp=gte.2025-05-12+12%3A00%3A00&order=timestamp.asc&offset=1000&limit=1000 "HTTP/2 200 OK"
[ 2025-07-13 18:17:42,560 ] 1025 httpx - INFO - HTTP Request: GET https://abcdkzdkpdpilgtstaiq.supabase.co/rest/v1/esp32_real_data?select=%22humidity%28%25%29%22%2Ctimestamp&timestamp=gte.2025-05-12+12%3A00%3A00&order=timestamp.asc&offset=2000&limit=1000 "HTTP/2 200 OK"
[ 2025-07-13 18:17:42,635 ] 1025 httpx - INFO - HTTP Request: GET https://abcdkzdkpdpilgtstaiq.supabase.co/rest/v1/iot_simulation?select=%22humidity%28%25%29%22%2Ctimestamp&timestamp=gte.2025-05-12+12%3A00%3A00&order=timestamp.asc&offset=2000&limit=1000 "HTTP/2 200 OK"
[ 2025-07-13 18:17:42,708 ] 1025 httpx - INFO - HTTP Request: GET https://abcdkzdkpdpilgtstaiq.supabase.co/rest/v1/esp32_real_data?select=%22humidity%28%25%29%22%2Ctimestamp&timestamp=gte.2025-05-12+12%3A00%3A00&order=timestamp.asc&offset=3000&limit=1000 "HTTP/2 200 OK"
[ 2025-07-13 18:17:42,779 ] 1025 httpx - INFO - HTTP Request: GET https://abcdkzdkpdpilgtstaiq.supabase.co/rest/v1/iot_simulation?select=%22humidity%28%25%29%22%2Ctimestamp&timestamp=gte.2025-05-12+12%3A00%3A00&order=timestamp.asc&offset=3000&limit=1000 "HTTP/2 200 OK"
[ 2025-07-13 18:17:42,839 ] 1025 httpx - INFO - HTTP Request: GET https://abcdkzdkpdpilgtstaiq.supabase.co/rest/v1/esp32_real_data?select=%22humidity%28%25%29%22%2Ctimestamp&timestamp=gte.2025-05-12+12%3A00%3A00&order=timestamp.asc&offset=4000&limit=1000 "HTTP/2 200 OK"
[ 2025-07-13 18:17:42,910 ] 1025 httpx - INFO - HTTP Request: GET https://abcdkzdkpdpilgtstaiq.supabase.co/rest/v1/iot_simulation?select=%22humidity%28%25%29%22%2Ctimestamp&timestamp=gte.2025-05-12+12%3A00%3A00&order=timestamp.asc&offset=4000&limit=1000 "HTTP/2 200 OK"
[ 2025-07-13 18:17:50,779 ] 1025 httpx - INFO - HTTP Request: GET https://abcdkzdkpdpilgtstaiq.supabase.co/rest/v1/esp32_real_data?select=%22latency%28ms%29%22%2Ctimestamp&timestamp=gte.2025-05-12+12%3A00%3A00&order=timestamp.asc&offset=0&limit=1000 "HTTP/2 200 OK"
[ 2025-07-13 18:17:50,850 ] 1025 httpx - INFO - HTTP Request: GET https://abcdkzdkpdpilgtstaiq.supabase.co/rest/v1/iot_simulation?select=%22latency%28ms%29%22%2Ctimestamp&timestamp=gte.2025-05-12+12%3A00%3A00&order=timestamp.asc&offset=0&limit=1000 "HTTP/2 200 OK"
[ 2025-07-13 18:17:50,930 ] 1025 httpx - INFO - HTTP Request: GET https://abcdkzdkpdpilgtstaiq.supabase.co/rest/v1/esp32_real_data?select=%22latency%28ms%29%22%2Ctimestamp&timestamp=gte.2025-05-12+12%3A00%3A00&order=timestamp.asc&offset=1000&limit=1000 "HTTP/2 200 OK"
[ 2025-07-13 18:17:51,000 ] 1025 httpx - INFO - HTTP Request: GET https://abcdkzdkpdpilgtstaiq.supabase.co/rest/v1/iot_simulation?select=%22latency%28ms%29%22%2Ctimestamp&timestamp=gte.2025-05-12+12%3A00%3A00&order=timestamp.asc&offset=1000&limit=1000 "HTTP/2 200 OK"
[ 2025-07-13 18:17:51,075 ] 1025 httpx - INFO - HTTP Request: GET https://abcdkzdkpdpilgtstaiq.supabase.co/rest/v1/esp32_real_data?select=%22latency%28ms%29%22%2Ctimestamp&timestamp=gte.2025-05-12+12%3A00%3A00&order=timestamp.asc&offset=2000&limit=1000 "HTTP/2 200 OK"
[ 2025-07-13 18:17:51,146 ] 1025 httpx - INFO - HTTP Request: GET https://abcdkzdkpdpilgtstaiq.supabase.co/rest/v1/iot_simulation?select=%22latency%28ms%29%22%2Ctimestamp&timestamp=gte.2025-05-12+12%3A00%3A00&order=timestamp.asc&offset=2000&limit=1000 "HTTP/2 200 OK"
[ 2025-07-13 18:17:51,222 ] 1025 httpx - INFO - HTTP Request: GET https://abcdkzdkpdpilgtstaiq.supabase.co/rest/v1/esp32_real_data?select=%22latency%28ms%29%22%2Ctimestamp&timestamp=gte.2025-05-12+12%3A00%3A00&order=timestamp.asc&offset=3000&limit=1000 "HTTP/2 200 OK"
[ 2025-07-13 18:17:51,297 ] 1025 httpx - INFO - HTTP Request: GET https://abcdkzdkpdpilgtstaiq.supabase.co/rest/v1/iot_simulation?select=%22latency%28ms%29%22%2Ctimestamp&timestamp=gte.2025-05-12+12%3A00%3A00&order=timestamp.asc&offset=3000&limit=1000 "HTTP/2 200 OK"
[ 2025-07-13 18:17:51,373 ] 1025 httpx - INFO - HTTP Request: GET https://abcdkzdkpdpilgtstaiq.supabase.co/rest/v1/esp32_real_data?select=%22latency%28ms%29%22%2Ctimestamp&timestamp=gte.2025-05-12+12%3A00%3A00&order=timestamp.asc&offset=4000&limit=1000 "HTTP/2 200 OK"
[ 2025-07-13 18:17:51,433 ] 1025 httpx - INFO - HTTP Request: GET https://abcdkzdkpdpilgtstaiq.supabase.co/rest/v1/iot_simulation?select=%22latency%28ms%29%22%2Ctimestamp&timestamp=gte.2025-05-12+12%3A00%3A00&order=timestamp.asc&offset=4000&limit=1000 "HTTP/2 200 OK"
